Arguments: 
  /Users/macbook/.nvm/versions/node/v18.14.0/bin/node /usr/local/Cellar/yarn/1.22.19/libexec/bin/yarn.js

PATH: 
  /Users/macbook/.nvm/versions/node/v18.14.0/bin:/usr/local/bin:/usr/bin:/bin:/usr/sbin:/sbin:~/.bash_profile:/usr/local/bin/node:/usr/local/bin/npm:/usr/local/go/bin:/usr/local/share/dotnet:~/.dotnet/tools:/Library/Apple/usr/bin:/Library/Frameworks/Mono.framework/Versions/Current/Commands:/Users/macbook/.npm-global/bin:/Applications/SonarScanner/bin:/Users/macbook/.npm-global/bin:/Applications/SonarScanner/bin

Yarn version: 
  1.22.19

Node version: 
  18.14.0

Platform: 
  darwin x64

Trace: 
  Error: https://registry.yarnpkg.com/cors: ETIMEDOUT
      at Timeout._onTimeout (/usr/local/Cellar/yarn/1.22.19/libexec/lib/cli.js:141550:19)
      at listOnTimeout (node:internal/timers:569:17)
      at process.processTimers (node:internal/timers:512:7)

npm manifest: 
  {
    "name": "apiimgur",
    "version": "1.0.0",
    "description": "",
    "main": "index.js",
    "scripts": {
      "start": "node index.js",
      "test": "echo \"Error: no test specified\" && exit 1"
    },
    "engines": {
      "node": "18.x"
    },
    "author": "lucas ciceri",
    "license": "ISC",
    "dependencies": {
      "cors": "^2.8.5",
      "express": "^4.17.1",
      "express-fileupload": "^1.2.1",
      "hawk": "^9.0.1",
      "imgur-upload": "^0.1.2",
      "multer": "^1.4.3",
      "nodemon": "^2.0.13"
    }
  }

yarn manifest: 
  No manifest

Lockfile: 
  No lockfile
